<?xml version="1.0" encoding="UTF-8"?>
<!-- Generated by org.testng.reporters.JUnitReportReporter -->
<testsuite hostname="LAPTOP-JK0MPD96" failures="0" tests="1" name="DataProviderPrac.BasicTestClass" time="0.000" errors="0" timestamp="2022-12-23T13:14:54 IST" skipped="1">
  <testcase classname="DataProviderPrac.BasicTestClass" name="Login" time="0.000">
    <skipped/>
  </testcase> <!-- Login -->
  <system-out/>
</testsuite> <!-- DataProviderPrac.BasicTestClass -->
