<?xml version="1.0" encoding="UTF-8"?>
<!-- Generated by org.testng.reporters.JUnitReportReporter -->
<testsuite hostname="LAPTOP-JK0MPD96" failures="0" tests="3" name="AllClasses.FBLoginTest" time="1.689" errors="0" timestamp="2023-01-22T10:02:19 IST" skipped="0">
  <testcase classname="AllClasses.FBLoginTest" name="FBLoginPageTest" time="0.569"/>
  <system-out>
Fb logo is verified Username field is verified Password field is verified Link is verified footer links are verified  </system-out>
  <testcase classname="AllClasses.FBLoginTest" name="FBLoginPageTest" time="0.558"/>
  <system-out>
Fb logo is verified Username field is verified Password field is verified Link is verified footer links are verified  </system-out>
  <testcase classname="AllClasses.FBLoginTest" name="FBLoginPageTest" time="0.562"/>
  <system-out>
Fb logo is verified Username field is verified Password field is verified Link is verified footer links are verified  </system-out>
</testsuite> <!-- AllClasses.FBLoginTest -->
