<?xml version="1.0" encoding="UTF-8"?>
<!-- Generated by org.testng.reporters.JUnitReportReporter -->
<testsuite hostname="LAPTOP-JK0MPD96" failures="0" tests="1" name="AllClasses.FBRegistrationTest" time="1.101" errors="0" timestamp="2022-12-09T13:14:59 IST" skipped="0">
  <testcase classname="AllClasses.FBRegistrationTest" name="FacebookRegistrationPageTest" time="1.101"/>
  <system-out>
Logo is displayed Link is working fine setMobileEmail setPassword verifyFooterLinks  </system-out>
</testsuite> <!-- AllClasses.FBRegistrationTest -->
