<?xml version="1.0" encoding="UTF-8"?>
<!-- Generated by org.testng.reporters.JUnitReportReporter -->
<testsuite hostname="LAPTOP-JK0MPD96" failures="0" tests="4" name="DataProviderPrac.DataProviderDemo" time="19.730" errors="0" timestamp="2022-12-31T17:56:27 IST" skipped="0">
  <testcase classname="DataProviderPrac.DataProviderDemo" name="Login" time="5.484"/>
  <system-out/>
  <testcase classname="DataProviderPrac.DataProviderDemo" name="Login" time="4.885"/>
  <system-out/>
  <testcase classname="DataProviderPrac.DataProviderDemo" name="Login" time="4.667"/>
  <system-out/>
  <testcase classname="DataProviderPrac.DataProviderDemo" name="Login" time="4.694"/>
  <system-out/>
</testsuite> <!-- DataProviderPrac.DataProviderDemo -->
