<?xml version="1.0" encoding="UTF-8"?>
<!-- Generated by org.testng.reporters.JUnitReportReporter -->
<testsuite hostname="LAPTOP-JK0MPD96" failures="0" tests="1" name="Listners.MyFirstTestCase" time="0.010" errors="0" timestamp="2023-03-01T18:22:18 IST" skipped="0">
  <testcase classname="Listners.MyFirstTestCase" name="GoogleTitleVerify" time="0.010"/>
  <system-out/>
</testsuite> <!-- Listners.MyFirstTestCase -->
